2022-02-27 02:37:34,538 - app - DEBUG - REGISTERING BLENDARMOCAP (ui_registration.py:40)
2022-02-27 02:37:34,538 - app - DEBUG - <class '_blender.interface.ui_preferences.PREFERENCES_OT_install_dependencies_button'> (ui_registration.py:43)
2022-02-27 02:37:34,539 - app - DEBUG - <class '_blender.interface.ui_preferences.BLENDARMOCAP_preferences'> (ui_registration.py:43)
2022-02-27 02:37:34,539 - app - DEBUG - <class '_blender.interface.ui_panels.UI_PT_warning_panel'> (ui_registration.py:43)
2022-02-27 02:37:34,540 - app - DEBUG - TRY ACCESS INSTALLED DEPENDENCIES (ui_registration.py:47)
2022-02-27 02:37:34,540 - app - DEBUG - Dependency(module='mediapipe', package=None, name=None) (ui_registration.py:49)
2022-02-27 02:37:38,801 - app - DEBUG - Dependency(module='opencv-python', package=None, name='cv2') (ui_registration.py:49)
2022-02-27 02:37:38,802 - app - INFO - REGISTER BLENDARMOCAP INTERFACE (ui_registration.py:62)
2022-02-27 02:37:38,802 - app - DEBUG - <class '_blender.interface.properties.MyProperties'> (ui_registration.py:64)
2022-02-27 02:37:38,802 - app - DEBUG - <class '_blender.interface.ui_panels.UI_transfer_anim_button'> (ui_registration.py:64)
2022-02-27 02:37:38,803 - app - DEBUG - <class '_blender.interface.stream_detection_operator.WM_modal_detection_operator'> (ui_registration.py:64)
2022-02-27 02:37:38,803 - app - DEBUG - <class '_blender.interface.ui_panels.UI_PT_main_panel'> (ui_registration.py:64)
2022-02-27 02:37:39,403 - app - INFO - UNREGISTER BLENDARMOCAP (ui_registration.py:70)
2022-02-27 02:37:39,404 - app - DEBUG - <class '_blender.interface.ui_preferences.PREFERENCES_OT_install_dependencies_button'> (ui_registration.py:72)
2022-02-27 02:37:39,409 - app - DEBUG - <class '_blender.interface.ui_preferences.BLENDARMOCAP_preferences'> (ui_registration.py:72)
2022-02-27 02:37:39,410 - app - DEBUG - <class '_blender.interface.ui_panels.UI_PT_warning_panel'> (ui_registration.py:72)
2022-02-27 02:37:39,411 - app - INFO - UNREGISTER BLENDARMOCAP WITH ACTIVE DEPENDENCIES (ui_registration.py:76)
2022-02-27 02:37:39,412 - app - DEBUG - <class '_blender.interface.ui_panels.UI_PT_main_panel'> (ui_registration.py:79)
2022-02-27 02:37:39,412 - app - DEBUG - <class '_blender.interface.stream_detection_operator.WM_modal_detection_operator'> (ui_registration.py:79)
2022-02-27 02:37:39,413 - app - DEBUG - <class '_blender.interface.ui_panels.UI_transfer_anim_button'> (ui_registration.py:79)
2022-02-27 02:37:39,413 - app - DEBUG - <class '_blender.interface.properties.MyProperties'> (ui_registration.py:79)
